<?xml version="1.0" encoding="UTF-8"?>
<!-- Generated by org.testng.reporters.JUnitReportReporter -->
<testsuite skipped="0" hostname="Praveen" name="testNG.Dependencies" tests="3" failures="0" timestamp="06 Feb 2024 07:24:34 GMT" time="0.021" errors="0">
  <testcase name="HigherSecondary" time="0.005" classname="testNG.Dependencies"/>
  <testcase name="College" time="0.002" classname="testNG.Dependencies"/>
  <testcase name="HighSchool" time="0.014" classname="testNG.Dependencies"/>
</testsuite> <!-- testNG.Dependencies -->
