<?xml version="1.0" encoding="UTF-8"?>
<!-- Generated by org.testng.reporters.JUnitReportReporter -->
<testsuite skipped="0" hostname="Praveen" name="testNG.AssertionExample" tests="2" failures="0" timestamp="05 Feb 2024 06:50:03 GMT" time="0.006" errors="0">
  <testcase name="checkequal" time="0.005" classname="testNG.AssertionExample"/>
  <testcase name="checkvalue" time="0.001" classname="testNG.AssertionExample"/>
</testsuite> <!-- testNG.AssertionExample -->
