<?xml version="1.0" encoding="UTF-8"?>
<!-- Generated by org.testng.reporters.JUnitReportReporter -->
<testsuite skipped="0" hostname="Praveen" name="seleniumInterviewExamples.TestMultipletimesWithInvocationCount" tests="3" failures="0" timestamp="03 Jan 2024 13:04:34 GMT" time="0.008" errors="0">
  <testcase name="test" time="0.002" classname="seleniumInterviewExamples.TestMultipletimesWithInvocationCount"/>
  <testcase name="test" time="0.000" classname="seleniumInterviewExamples.TestMultipletimesWithInvocationCount"/>
  <testcase name="test" time="0.006" classname="seleniumInterviewExamples.TestMultipletimesWithInvocationCount"/>
</testsuite> <!-- seleniumInterviewExamples.TestMultipletimesWithInvocationCount -->
