<?xml version="1.0" encoding="UTF-8"?>
<!-- Generated by org.testng.reporters.JUnitReportReporter -->
<testsuite skipped="0" hostname="Praveen" name="extentReport.ExtentReportExample" tests="3" failures="0" timestamp="04 Mar 2024 13:33:37 GMT" time="8.183" errors="0">
  <testcase name="opengoogle" time="4.087" classname="extentReport.ExtentReportExample"/>
  <testcase name="openwikipedia" time="2.516" classname="extentReport.ExtentReportExample"/>
  <testcase name="openbing" time="1.580" classname="extentReport.ExtentReportExample"/>
</testsuite> <!-- extentReport.ExtentReportExample -->
