<?xml version="1.0" encoding="UTF-8"?>
<!-- Generated by org.testng.reporters.JUnitReportReporter -->
<testsuite skipped="0" hostname="Praveen" name="testNG.ParameterizationExample" tests="1" failures="0" timestamp="06 Feb 2024 07:34:05 GMT" time="0.006" errors="0">
  <testcase name="printname" time="0.006" classname="testNG.ParameterizationExample"/>
</testsuite> <!-- testNG.ParameterizationExample -->
