<?xml version="1.0" encoding="UTF-8"?>
<!-- Generated by org.testng.reporters.JUnitReportReporter -->
<testsuite skipped="0" hostname="Praveen" name="seleniumInterviewExamples.AnnotationsHierarchyTest" tests="2" failures="0" timestamp="03 Feb 2024 07:49:46 GMT" time="0.004" errors="0">
  <testcase name="test2" time="0.001" classname="seleniumInterviewExamples.AnnotationsHierarchyTest"/>
  <testcase name="test1" time="0.003" classname="seleniumInterviewExamples.AnnotationsHierarchyTest"/>
</testsuite> <!-- seleniumInterviewExamples.AnnotationsHierarchyTest -->
