<?xml version="1.0" encoding="UTF-8"?>
<!-- Generated by org.testng.reporters.JUnitReportReporter -->
<testsuite skipped="0" hostname="Praveen" name="testNG.ParallelTesting" tests="2" failures="0" timestamp="06 Feb 2024 07:36:35 GMT" time="12.118" errors="0">
  <testcase name="opengoogle" time="6.820" classname="testNG.ParallelTesting"/>
  <testcase name="openbing" time="5.298" classname="testNG.ParallelTesting"/>
</testsuite> <!-- testNG.ParallelTesting -->
