<?xml version="1.0" encoding="UTF-8"?>
<!-- Generated by org.testng.reporters.JUnitReportReporter -->
<testsuite skipped="0" hostname="Praveen" name="seleniumInterviewExamples.DependsOnFails" tests="2" failures="0" timestamp="09 Jan 2024 13:28:40 GMT" time="2.026" errors="1">
  <testcase name="LoveMarriage" time="0.006" classname="seleniumInterviewExamples.DependsOnFails"/>
  <testcase name="ParentsPermission" time="2.020" classname="seleniumInterviewExamples.DependsOnFails">
    <error type="org.testng.internal.thread.ThreadTimeoutException" message="Method seleniumInterviewExamples.DependsOnFails.ParentsPermission() didn&#039;t finish within the time-out 2000">
      <![CDATA[org.testng.internal.thread.ThreadTimeoutException: Method seleniumInterviewExamples.DependsOnFails.ParentsPermission() didn't finish within the time-out 2000at java.util.concurrent.locks.AbstractQueuedSynchronizer$ConditionObject.doSignalAll(Unknown Source)at java.util.concurrent.locks.AbstractQueuedSynchronizer$ConditionObject.signalAll(Unknown Source)at java.util.concurrent.ThreadPoolExecutor.tryTerminate(Unknown Source)at java.util.concurrent.ThreadPoolExecutor.processWorkerExit(Unknown Source)at java.util.concurrent.ThreadPoolExecutor.runWorker(Unknown Source)at java.util.concurrent.ThreadPoolExecutor$Worker.run(Unknown Source)at java.lang.Thread.run(Unknown Source)]]>
    </error>
  </testcase> <!-- ParentsPermission -->
</testsuite> <!-- seleniumInterviewExamples.DependsOnFails -->
