<?xml version="1.0" encoding="UTF-8"?>
<!-- Generated by org.testng.reporters.JUnitReportReporter -->
<testsuite skipped="0" hostname="Praveen" name="testNG.AnnotationsHierarchyExample" tests="3" failures="0" timestamp="05 Feb 2024 06:32:58 GMT" time="0.008" errors="0">
  <testcase name="test2" time="0.002" classname="testNG.AnnotationsHierarchyExample"/>
  <testcase name="test3" time="0.002" classname="testNG.AnnotationsHierarchyExample"/>
  <testcase name="test" time="0.004" classname="testNG.AnnotationsHierarchyExample"/>
</testsuite> <!-- testNG.AnnotationsHierarchyExample -->
