<?xml version="1.0" encoding="UTF-8"?>
<!-- Generated by org.testng.reporters.JUnitReportReporter -->
<testsuite skipped="0" hostname="Praveen" name="testNG.GroupingExample" tests="4" failures="0" timestamp="06 Feb 2024 07:28:45 GMT" time="0.014" errors="0">
  <testcase name="motog2" time="0.007" classname="testNG.GroupingExample"/>
  <testcase name="vivoT2" time="0.001" classname="testNG.GroupingExample"/>
  <testcase name="vivoT2pro" time="0.001" classname="testNG.GroupingExample"/>
  <testcase name="motog3" time="0.005" classname="testNG.GroupingExample"/>
</testsuite> <!-- testNG.GroupingExample -->
