<?xml version="1.0" encoding="UTF-8"?>
<!-- Generated by org.testng.reporters.JUnitReportReporter -->
<testsuite skipped="0" hostname="Praveen" name="testNG.SampleTestCase" tests="4" failures="0" timestamp="06 Feb 2024 07:16:52 GMT" time="0.014" errors="0">
  <testcase name="Fourthtestcase" time="0.003" classname="testNG.SampleTestCase"/>
  <testcase name="Secondtestcase" time="0.001" classname="testNG.SampleTestCase"/>
  <testcase name="Firsttestcase" time="0.008" classname="testNG.SampleTestCase"/>
  <testcase name="Thirdtestcase" time="0.002" classname="testNG.SampleTestCase"/>
</testsuite> <!-- testNG.SampleTestCase -->
