<?xml version="1.0" encoding="UTF-8"?>
<!-- Generated by org.testng.reporters.JUnitReportReporter -->
<testsuite skipped="1" hostname="Praveen" name="testNG.SkipTestCase" tests="6" failures="0" timestamp="06 Feb 2024 07:20:14 GMT" time="0.011" errors="0">
  <testcase name="Startthecar" time="0.007" classname="testNG.SkipTestCase"/>
  <testcase name="FirstGear" time="0.001" classname="testNG.SkipTestCase"/>
  <testcase name="SecondGear" time="0.001" classname="testNG.SkipTestCase"/>
  <testcase name="ThirdGear" time="0.001" classname="testNG.SkipTestCase"/>
  <testcase name="FourthGear" time="0.001" classname="testNG.SkipTestCase"/>
  <testcase name="Turnthemusic" classname="testNG.SkipTestCase">
    <skipped/>
  </testcase> <!-- Turnthemusic -->
</testsuite> <!-- testNG.SkipTestCase -->
