<?xml version="1.0" encoding="UTF-8"?>
<!-- Generated by org.testng.reporters.JUnitReportReporter -->
<testsuite skipped="0" hostname="Praveen" name="seleniumInterviewExamples.AssertvsVerify" tests="1" failures="0" timestamp="24 Dec 2023 07:05:18 GMT" time="0.011" errors="0">
  <testcase name="verifytest" time="0.011" classname="seleniumInterviewExamples.AssertvsVerify"/>
</testsuite> <!-- seleniumInterviewExamples.AssertvsVerify -->
