<?xml version="1.0" encoding="UTF-8"?>
<!-- Generated by org.testng.reporters.JUnitReportReporter -->
<testsuite skipped="0" hostname="Praveen" name="testNG.SetPriority" tests="6" failures="0" timestamp="06 Feb 2024 07:19:59 GMT" time="0.022" errors="0">
  <testcase name="Startthecar" time="0.012" classname="testNG.SetPriority"/>
  <testcase name="Turnthemusic" time="0.002" classname="testNG.SetPriority"/>
  <testcase name="FirstGear" time="0.004" classname="testNG.SetPriority"/>
  <testcase name="SecondGear" time="0.002" classname="testNG.SetPriority"/>
  <testcase name="ThirdGear" time="0.001" classname="testNG.SetPriority"/>
  <testcase name="FourthGear" time="0.001" classname="testNG.SetPriority"/>
</testsuite> <!-- testNG.SetPriority -->
