<?xml version="1.0" encoding="UTF-8"?>
<!-- Generated by org.testng.reporters.JUnitReportReporter -->
<testsuite skipped="0" hostname="Praveen" name="testNG.BeforeandAfterTestSuite" tests="3" failures="0" timestamp="05 Feb 2024 06:56:08 GMT" time="9.252" errors="0">
  <testcase name="openbing" time="1.190" classname="testNG.BeforeandAfterTestSuite"/>
  <testcase name="openyahoo" time="5.706" classname="testNG.BeforeandAfterTestSuite"/>
  <testcase name="opengoogle" time="2.356" classname="testNG.BeforeandAfterTestSuite"/>
</testsuite> <!-- testNG.BeforeandAfterTestSuite -->
